{
  "/Users/ericyan/Downloads/School/fall 2023/cse486/wallet/pwa/backend_mock/controllers/createUser.js": {
    "path": "/Users/ericyan/Downloads/School/fall 2023/cse486/wallet/pwa/backend_mock/controllers/createUser.js",
    "statementMap": {
      "0": {
        "start": { "line": 5, "column": 20 },
        "end": { "line": 13, "column": 6 }
      },
      "1": {
        "start": { "line": 14, "column": 4 },
        "end": { "line": 14, "column": 19 }
      }
    },
    "fnMap": {
      "0": {
        "name": "createUser",
        "decl": {
          "start": { "line": 4, "column": 30 },
          "end": { "line": 4, "column": 40 }
        },
        "loc": {
          "start": { "line": 4, "column": 88 },
          "end": { "line": 15, "column": 1 }
        },
        "line": 4
      }
    },
    "branchMap": {},
    "s": { "0": 1, "1": 1 },
    "f": { "0": 1 },
    "b": {},
    "_coverageSchema": "1a1c01bbd47fc00a2c39e90264f33305004495a9",
    "hash": "a1847e7acf1cbb26386736779fead85f3efe1f82"
  },
  "/Users/ericyan/Downloads/School/fall 2023/cse486/wallet/pwa/backend_mock/models/User.js": {
    "path": "/Users/ericyan/Downloads/School/fall 2023/cse486/wallet/pwa/backend_mock/models/User.js",
    "statementMap": {
      "0": {
        "start": { "line": 2, "column": 15 },
        "end": { "line": 2, "column": 30 }
      },
      "1": {
        "start": { "line": 14, "column": 19 },
        "end": { "line": 38, "column": 1 }
      }
    },
    "fnMap": {},
    "branchMap": {},
    "s": { "0": 1, "1": 1 },
    "f": {},
    "b": {},
    "_coverageSchema": "1a1c01bbd47fc00a2c39e90264f33305004495a9",
    "hash": "32ab050200f296c3952426a76705ef2e89845766"
  }
}
